This is pdfTeXk, Version 3.141592-1.40.3 (Web2C 7.5.6) (format=prv_main 2010.1.19)  20 JAN 2010 00:13
entering extended mode
 %&-line parsing enabled.
**&prv_main _region_.tex
(./_region_.tex
LaTeX2e <2005/12/01>
Babel <v3.8h> and hyphenation patterns for english, usenglishmax, dumylang, noh
yphenation, croatian, ukrainian, russian, bulgarian, czech, slovak, danish, dut
ch, finnish, basque, french, german, ngerman, ibycus, greek, monogreek, ancient
greek, hungarian, italian, latin, mongolian, norsk, icelandic, interlingua, tur
kish, coptic, romanian, welsh, serbian, slovenian, estonian, esperanto, upperso
rbian, indonesian, polish, portuguese, spanish, catalan, galician, swedish, loa
ded.
CUSTOMISED FORMAT. Preloaded files:
        .
mitthesis.cls    1999/10/20
  report.cls    2005/09/16 v1.4f Standard LaTeX document class
  size12.clo    2005/09/16 v1.4f Standard LaTeX file (size option)
setspace.sty    2000/12/01 6.7 Contributed and Supported LaTeX2e package
  lgrind.sty    1997/01/30 v3.4 LGrind environment and supporting stuff
        .
No file _region_.aux.
LaTeX Font Info:    Checking defaults for OML/cmm/m/it on input line 23.
LaTeX Font Info:    ... okay on input line 23.
LaTeX Font Info:    Checking defaults for T1/cmr/m/n on input line 23.
LaTeX Font Info:    ... okay on input line 23.
LaTeX Font Info:    Checking defaults for OT1/cmr/m/n on input line 23.
LaTeX Font Info:    ... okay on input line 23.
LaTeX Font Info:    Checking defaults for OMS/cmsy/m/n on input line 23.
LaTeX Font Info:    ... okay on input line 23.
LaTeX Font Info:    Checking defaults for OMX/cmex/m/n on input line 23.
LaTeX Font Info:    ... okay on input line 23.
LaTeX Font Info:    Checking defaults for U/cmr/m/n on input line 23.
LaTeX Font Info:    ... okay on input line 23.
(/usr/share/texmf/tex/latex/preview/preview.sty
Package: preview 2006/08/25 11.84 (AUCTeX/preview-latex)

(/usr/share/texmf/tex/latex/preview/prtightpage.def
\PreviewBorder=\dimen105
)
(/usr/share/texmf/tex/latex/preview/prauctex.def
No auxiliary output files.


\hbadness=\count93
\hfuzz=\dimen106
(/usr/share/texmf/tex/latex/preview/prauctex.cfg))
(/usr/share/texmf/tex/latex/preview/prfootnotes.def)
\pr@snippet=\count94
\pr@box=\box31
\pr@output=\toks14

Preview: Fontsize 12pt
)  !name(main.tex) !offset(-3)  (./cover.tex
LaTeX Font Info:    Try loading font information for OMS+cmr on input line 86.

(/usr/share/texmf-texlive/tex/latex/base/omscmr.fd
File: omscmr.fd 1999/05/25 v2.5h Standard LaTeX font definitions
)
LaTeX Font Info:    Font shape `OMS/cmr/m/n' in size <14.4> not available
(Font)              Font shape `OMS/cmsy/m/n' tried instead on input line 86.


! LaTeX Error: There's no line here to end.

See the LaTeX manual or LaTeX Companion for explanation.
Type  H <return>  for immediate help.
 ...                                              
                                                  
l.106 \begin{abstractpage}
                          
Your command was ignored.
Type  I <command> <return>  to replace it with another command,
or  <return>  to continue without it.


! LaTeX Error: There's no line here to end.

See the LaTeX manual or LaTeX Companion for explanation.
Type  H <return>  for immediate help.
 ...                                              
                                                  
l.106 \begin{abstractpage}
                          
Your command was ignored.
Type  I <command> <return>  to replace it with another command,
or  <return>  to continue without it.

! Preview: Snippet 1 started.
<-><->
      
l.106 \begin{abstractpage}
                          
Not a real error.

Preview: Tightpage -32891 -32891 32891 32891
! Preview: Snippet 1 ended.(655359+0x28417720).
<-><->
      
l.106 \begin{abstractpage}
                          
Not a real error.

[1] (./abstract.tex)
! Preview: Snippet 2 started.
<-><->
      
l.121 \section
              *{Acknowledgments}
Not a real error.

! Preview: Snippet 2 ended.(786431+220200x28417720).
<-><->
      
l.121 \section*{Acknowledgments}
                                
Not a real error.

[2]) (./contents.tex
! Preview: Snippet 3 started.
<-><->
      
l.6 \tableofcontents
                    
Not a real error.

! Preview: Snippet 3 ended.(7651328+0x28417720).
<-><->
      
l.6 \tableofcontents
                    
Not a real error.

[3

]
No file _region_.toc.
! Preview: Snippet 4 started.
<-><->
      
l.8 \listoffigures
                  
Not a real error.

! Preview: Snippet 4 ended.(7651328+317047x28417720).
<-><->
      
l.8 \listoffigures
                  
Not a real error.

[4

]
No file _region_.lof.
! Preview: Snippet 5 started.
<-><->
      
l.10 \listoftables
                  
Not a real error.

! Preview: Snippet 5 ended.(7651328+0x28417720).
<-><->
      
l.10 \listoftables
                  
Not a real error.

[5

]
No file _region_.lot.
) (./chap1.tex
! Preview: Snippet 6 started.
<-><->
      
l.7 \chapter
            {Introduction}
Not a real error.

Chapter 1.
! Preview: Snippet 6 ended.(11911168+0x28417720).
<-><->
      
l.7 \chapter{Introduction}
                          
Not a real error.

[6




]
! Preview: Snippet 7 started.
<-><->
      
l.12 in a micro floating point unit ($
                                      \mu$FPU), these have been broken down ...

Not a real error.

! Preview: Snippet 7 ended.(338603+152916x463299).
<-><->
      
l.12 in a micro floating point unit ($\mu$
                                          FPU), these have been broken down ...

Not a real error.

[7]
! Preview: Snippet 8 started.
<-><->
      
l.16 ...er two describes the architecture of the $
                                                  \mu$FPU unit, and the
Not a real error.

! Preview: Snippet 8 ended.(338603+152916x463299).
<-><->
      
l.16 ...wo describes the architecture of the $\mu$
                                                  FPU unit, and the
Not a real error.

[8]

LaTeX Warning: Reference `ch1:opts' on page 8 undefined on input line 20.

! Preview: Snippet 9 started.
<-><->
      
l.28 \section
             {Motivations for micro-optimization}
Not a real error.

! Preview: Snippet 9 ended.(786431+220200x28417720).
<-><->
      
l.28 \section{Motivations for micro-optimization}
                                                 
Not a real error.

[9

]

LaTeX Warning: Citation `patterson:risc' on page 8 undefined on input line 32.


LaTeX Warning: Citation `rad83' on page 8 undefined on input line 32.


LaTeX Warning: Citation `ellis:bulldog' on page 8 undefined on input line 40.


LaTeX Warning: Citation `pet87' on page 8 undefined on input line 40.


LaTeX Warning: Citation `coutant:precision-compilers' on page 8 undefined on in
put line 40.


LaTeX Warning: Citation `gib86' on page 8 undefined on input line 44.

! Preview: Snippet 10 started.
<-><->
      
l.55 ...he hardware speedups possible by using a $
                                                  \mu$FPU, there are
Not a real error.

! Preview: Snippet 10 ended.(338603+152916x463299).
<-><->
      
l.55 ...ardware speedups possible by using a $\mu$
                                                  FPU, there are
Not a real error.

[10]

LaTeX Warning: Reference `ch1:opts' on page 9 undefined on input line 60.

! Preview: Snippet 11 started.
<-><->
      
l.62 \section
             {Description of micro-optimization}\label{ch1:opts}
Not a real error.

! Preview: Snippet 11 ended.(786431+220200x28417720).
<-><->
      
l.62 \section{Description of micro-optimization}
                                                \label{ch1:opts}
Not a real error.

[11

]
! Preview: Snippet 12 started.
<-><->
      
l.74 ... row without the loss information\footnote
                                                  {A description of
Not a real error.

LaTeX Font Info:    External font `cmex10' loaded for size
(Font)              <7> on input line 76.
LaTeX Font Info:    External font `cmex10' loaded for size
(Font)              <5> on input line 76.

LaTeX Warning: Reference `exponent-format' on page 9 undefined on input line 76
.


LaTeX Warning: Reference `mantissa-format' on page 9 undefined on input line 76
.

! Preview: Snippet 12 ended.(623265+0x311300).
<-><->
      
l.76 and~\ref{mantissa-format}.}
                                .  A discussion of the mathematics behind
Not a real error.

[12]

LaTeX Warning: Reference `unnorm-math' on page 9 undefined on input line 77.

! Preview: Snippet 13 started.
<-><->
      
l.81 \subsection
                {Post Multiply Normalization}
Not a real error.

! Preview: Snippet 13 ended.(655359+183500x28417720).
<-><->
      
l.81 \subsection{Post Multiply Normalization}
                                             
Not a real error.

[13

]
! Preview: Snippet 14 started.
<-><->
      
l.89 multiplies\footnote
                        {Using unnormalized numbers for math is not a new id...

Not a real error.


LaTeX Warning: Citation `thornton:cdc6600' on page 9 undefined on input line 92
.

! Preview: Snippet 14 ended.(623265+0x311300).
<-><->
      
l.92 ...h a separate {\tt NORMALIZE} instruction.}
                                                  .
Not a real error.

[14]
! Preview: Snippet 15 started.
<-><->
      
l.104 ...t suitable for storing in memory\footnote
                                                  {Note that
Not a real error.

! Preview: Snippet 15 ended.(623265+0x311300).
<-><->
      
l.106 the branches were not delayed.}
                                     .
Not a real error.

[15]
! Preview: Snippet 16 started.
<-><->
      
l.108 \subsection
                 {Block Exponent}
Not a real error.

! Preview: Snippet 16 ended.(655359+183500x28417720).
<-><->
      
l.108 \subsection{Block Exponent}
                                 
Not a real error.

[16

]
! Preview: Snippet 17 started.
<-><->
      
l.111 follows for each pair of numbers ($
                                         m_1$,$e_1$) and ($m_2$,$e_2$).
Not a real error.

! Preview: Snippet 17 ended.(338603+117964x984857).
<-><->
      
l.111 follows for each pair of numbers ($m_1$
                                             ,$e_1$) and ($m_2$,$e_2$).
Not a real error.

[17]
! Preview: Snippet 18 started.
<-><->
      
l.111 follows for each pair of numbers ($m_1$,$
                                               e_1$) and ($m_2$,$e_2$).
Not a real error.

! Preview: Snippet 18 ended.(338603+117964x668195).
<-><->
      
l.111 ...ows for each pair of numbers ($m_1$,$e_1$
                                                  ) and ($m_2$,$e_2$).
Not a real error.

[18]
! Preview: Snippet 19 started.
<-><->
      
l.111 ...each pair of numbers ($m_1$,$e_1$) and ($
                                                  m_2$,$e_2$).
Not a real error.

! Preview: Snippet 19 ended.(338603+117964x984857).
<-><->
      
l.111 ... pair of numbers ($m_1$,$e_1$) and ($m_2$
                                                  ,$e_2$).
Not a real error.

[19]
! Preview: Snippet 20 started.
<-><->
      
l.111 ...air of numbers ($m_1$,$e_1$) and ($m_2$,$
                                                  e_2$).
Not a real error.

! Preview: Snippet 20 ended.(338603+117964x668195).
<-><->
      
l.111 ...of numbers ($m_1$,$e_1$) and ($m_2$,$e_2$
                                                  ).
Not a real error.

[20]
! Preview: Snippet 21 started.
<-><->
      
l.113   \item Compare $
                       e_1$ and $e_2$.
Not a real error.

! Preview: Snippet 21 ended.(338603+117964x668195).
<-><->
      
l.113   \item Compare $e_1$
                            and $e_2$.
Not a real error.

[21]
! Preview: Snippet 22 started.
<-><->
      
l.113   \item Compare $e_1$ and $
                                 e_2$.
Not a real error.

! Preview: Snippet 22 ended.(338603+117964x668195).
<-><->
      
l.113   \item Compare $e_1$ and $e_2$
                                     .
Not a real error.

[22]
! Preview: Snippet 23 started.
<-><->
      
l.114 ...sa associated with the smaller exponent $
                                                  |e_1-e_2|$
Not a real error.

! Preview: Snippet 23 ended.(589824+196608x2734489).
<-><->
      
l.114 ...ted with the smaller exponent $|e_1-e_2|$
                                                  
Not a real error.

[23]
! Preview: Snippet 24 started.
<-><->
      
l.116   \item Add $
                   m_1$ and $m_2$.
Not a real error.

! Preview: Snippet 24 ended.(338603+117964x984857).
<-><->
      
l.116   \item Add $m_1$
                        and $m_2$.
Not a real error.

[24]
! Preview: Snippet 25 started.
<-><->
      
l.116   \item Add $m_1$ and $
                             m_2$.
Not a real error.

! Preview: Snippet 25 ended.(338603+117964x984857).
<-><->
      
l.116   \item Add $m_1$ and $m_2$
                                 .
Not a real error.

[25]
! Preview: Snippet 26 started.
<-><->
      
l.127 place one after another\footnote
                                      {This requires that for n consecutive
Not a real error.

! Preview: Snippet 26 ended.(623265+0x311300).
<-><->
      
l.130 possible.}
                .  An example of the Block Exponent optimization on the expr...

Not a real error.

[26]

LaTeX Warning: Reference `opt:be' on page 10 undefined on input line 131.

! Preview: Snippet 27 started.
<-><->
      
l.140 \section
              {Integer optimizations}
Not a real error.

! Preview: Snippet 27 ended.(786431+220200x28417720).
<-><->
      
l.140 \section{Integer optimizations}
                                     
Not a real error.

[27

]
! Preview: Snippet 28 started.
<-><->
      
l.143 ...r optimizations that can be used in the $
                                                  \mu$FPU.  In concert
Not a real error.

! Preview: Snippet 28 ended.(338603+152916x463299).
<-><->
      
l.143 ...timizations that can be used in the $\mu$
                                                  FPU.  In concert
Not a real error.

[28]
! Preview: Snippet 29 started.
<-><->
      
l.147 \subsection
                 {Conversion to fixed point}
Not a real error.

! Preview: Snippet 29 ended.(655359+183500x28417720).
<-><->
      
l.147 \subsection{Conversion to fixed point}
                                            
Not a real error.

[29

]

LaTeX Warning: Reference `range-tracking' on page 10 undefined on input line 16
0.

! Preview: Snippet 30 started.
<-><->
      
l.172 \subsection
                 {Small Constant Multiplications}
Not a real error.

! Preview: Snippet 30 ended.(655359+183500x28417720).
<-><->
      
l.172 \subsection{Small Constant Multiplications}
                                                 
Not a real error.

[30

]
! Preview: Snippet 31 started.
<-><->
      
l.178 \begin{eqnarray*}
                       
Not a real error.

! Preview: Snippet 31 ended.(8783277+0x28417720).
<-><->
      
l.185 \end{eqnarray*}
                     
Not a real error.

[31]
! Preview: Snippet 32 started.
<-><->
      
l.186 ...ltiplication.  For example, to multiply $
                                                  s$ by 10 and store
Not a real error.

! Preview: Snippet 32 ended.(338603+0x362721).
<-><->
      
l.186 ...iplication.  For example, to multiply $s$
                                                   by 10 and store
Not a real error.

[32]
! Preview: Snippet 33 started.
<-><->
      
l.187 the result in $
                     r$, you could use:
Not a real error.

! Preview: Snippet 33 ended.(338603+0x368409).
<-><->
      
l.187 the result in $r$
                       , you could use:
Not a real error.

[33]
! Preview: Snippet 34 started.
<-><->
      
l.188 \begin{eqnarray*}
                       
Not a real error.

! Preview: Snippet 34 ended.(2188899+0x28417720).
<-><->
      
l.191 \end{eqnarray*}
                     
Not a real error.

[34]
! Preview: Snippet 35 started.
<-><->
      
l.193 \begin{eqnarray*}
                       
Not a real error.

! Preview: Snippet 35 ended.(3810915+0x28417720).
<-><->
      
l.197 \end{eqnarray*}
                     
Not a real error.

[35]
! Preview: Snippet 36 started.
<-><->
      
l.199 integers\footnote
                       {This optimization is only an ``optimization'', of co...

Not a real error.

! Preview: Snippet 36 ended.(623265+0x311300).
<-><->
      
l.203 ...e when this optimization is worth using.}
                                                  .
Not a real error.

[36]

LaTeX Warning: Citation `magenheimer:precision' on page 11 undefined on input l
ine 204.

! Preview: Snippet 37 started.
<-><->
      
l.206 \section
              {Other optimizations}
Not a real error.

! Preview: Snippet 37 ended.(786431+220200x28417720).
<-><->
      
l.206 \section{Other optimizations}
                                   
Not a real error.

[37

]
! Preview: Snippet 38 started.
<-><->
      
l.208 \subsection
                 {Low-level parallelism}
Not a real error.

! Preview: Snippet 38 ended.(655359+183500x28417720).
<-><->
      
l.208 \subsection{Low-level parallelism}
                                        
Not a real error.

[38

]
! Preview: Snippet 39 started.
<-><->
      
l.211 provide parallelism\footnote
                                  {This can been seen in the i860; floating ...

Not a real error.


LaTeX Warning: Citation `byte:i860' on page 11 undefined on input line 214.

! Preview: Snippet 39 ended.(623265+0x311300).
<-><->
      
l.214 ...point units are active. \cite{byte:i860}}
                                                  
Not a real error.

[39]
! Preview: Snippet 40 started.
<-><->
      
l.217 ...ply adding more functional units to the $
                                                  \mu$FPU,
Not a real error.

! Preview: Snippet 40 ended.(338603+152916x463299).
<-><->
      
l.217 ...adding more functional units to the $\mu$
                                                  FPU,
Not a real error.

[40]

LaTeX Warning: Citation `ellis:bulldog' on page 11 undefined on input line 227.



LaTeX Warning: Citation `colwell:vliw' on page 11 undefined on input line 227.

! Preview: Snippet 41 started.
<-><->
      
l.236 \subsection
                 {Pipeline optimizations}
Not a real error.

! Preview: Snippet 41 ended.(655359+183500x28417720).
<-><->
      
l.236 \subsection{Pipeline optimizations}
                                         
Not a real error.

[41

]

LaTeX Warning: Citation `gib86' on page 12 undefined on input line 248.

)
No file chap2.tex.
(./appa.tex
! Preview: Snippet 42 started.
<-><->
      
l.1 \chapter
            {Tables}
Not a real error.

Appendix A.
! Preview: Snippet 42 ended.(10485760+0x28417720).
<-><->
      
l.1 \chapter{Tables}
                    
Not a real error.

[42




]
! Preview: Snippet 43 started.
<-><->
      
l.3 \begin{table}
                 
Not a real error.

! Preview: Snippet 43 ended.(2649836+792984x28417720).
<-><->
      
l.12 \end{table}
                
Not a real error.

[43


]) (./appb.tex
! Preview: Snippet 44 started.
<-><->
      
l.1 \chapter
            {Figures}
Not a real error.

Appendix B.
! Preview: Snippet 44 ended.(11911168+317047x28417720).
<-><->
      
l.1 \chapter{Figures}
                     
Not a real error.

[44




]
! Preview: Snippet 45 started.
<-><->
      
l.5 \begin{figure}
                  
Not a real error.

! Preview: Snippet 45 ended.(699048+0x28417720).
<-><->
      
l.9 \end{figure}
                
Not a real error.

[45


]
! Preview: Snippet 46 started.
<-><->
      
l.13 \begin{figure}
                   
Not a real error.

! Preview: Snippet 46 ended.(699048+0x28417720).
<-><->
      
l.17 \end{figure}
                 
Not a real error.

[46


]) (./biblio.tex
No file _region_.bbl.
)

LaTeX Warning: There were undefined references.

 ) 
Here is how much of TeX's memory you used:
 243 strings out of 93650
 3239 string characters out of 1160831
 57027 words of memory out of 1500000
 3978 multiletter control sequences out of 10000+50000
 10715 words of font info for 38 fonts, out of 1200000 for 2000
 637 hyphenation exceptions out of 8191
 28i,10n,23p,161b,267s stack positions out of 5000i,500n,6000p,200000b,5000s

Output written on _region_.dvi (46 pages, 8456 bytes).
