This is pdfTeX, Version 3.1415926-1.40.10 (TeX Live 2009/Debian) (format=latex 2011.5.2)  27 JUN 2011 15:35
entering extended mode
 %&-line parsing enabled.
**\input main.tex
(./main.tex (./mitthesis.cls
Document Class: mitthesis 1999/10/20
\vithesis=\count79
Course VI/VIII thesis style.
(/usr/share/texmf-texlive/tex/latex/base/report.cls
Document Class: report 2007/10/19 v1.4h Standard LaTeX document class
(/usr/share/texmf-texlive/tex/latex/base/size12.clo
File: size12.clo 2007/10/19 v1.4h Standard LaTeX file (size option)
)
\c@part=\count80
\c@chapter=\count81
\c@section=\count82
\c@subsection=\count83
\c@subsubsection=\count84
\c@paragraph=\count85
\c@subparagraph=\count86
\c@figure=\count87
\c@table=\count88
\abovecaptionskip=\skip41
\belowcaptionskip=\skip42
\bibindent=\dimen102
) (./setspace.sty
Package: setspace 2000/12/01 6.7 Contributed and Supported LaTeX2e package

Package: `setspace' 6.7 <2000/12/01>
)
Copyright given to author, permission to copy/distribute given to MIT.
\@titlesupervisor=\box26
\@abstractsupervisor=\box27
\c@savepage=\count89
) (./lgrind.sty
Package: lgrind 1997/01/30 v3.4 LGrind environment and supporting stuff
\lc@unt=\count90
\ln@xt=\count91
\LGnuminterval=\count92
\LGindent=\skip43
\LGsloppy=\skip44
\procbox=\box28
\ls@far=\box29
\tb@x=\box30
\TBw@d=\dimen103
\@ts=\dimen104
) (./main.aux (./cover.aux) (./contents.aux) (./appa.aux)
(./appb.aux) (./biblio.aux))
\openout1 = `main.aux'.

LaTeX Font Info:    Checking defaults for OML/cmm/m/it on input line 23.
LaTeX Font Info:    ... okay on input line 23.
LaTeX Font Info:    Checking defaults for T1/cmr/m/n on input line 23.
LaTeX Font Info:    ... okay on input line 23.
LaTeX Font Info:    Checking defaults for OT1/cmr/m/n on input line 23.
LaTeX Font Info:    ... okay on input line 23.
LaTeX Font Info:    Checking defaults for OMS/cmsy/m/n on input line 23.
LaTeX Font Info:    ... okay on input line 23.
LaTeX Font Info:    Checking defaults for OMX/cmex/m/n on input line 23.
LaTeX Font Info:    ... okay on input line 23.
LaTeX Font Info:    Checking defaults for U/cmr/m/n on input line 23.
LaTeX Font Info:    ... okay on input line 23.
\openout2 = `cover.aux'.

 (./cover.tex
LaTeX Font Info:    Try loading font information for OMS+cmr on input line 88.

(/usr/share/texmf-texlive/tex/latex/base/omscmr.fd
File: omscmr.fd 1999/05/25 v2.5h Standard LaTeX font definitions
)
LaTeX Font Info:    Font shape `OMS/cmr/m/n' in size <14.4> not available
(Font)              Font shape `OMS/cmsy/m/n' tried instead on input line 88.
 [1



] [2

] (./abstract.tex)
[3

] [4

]) [5]
\openout2 = `contents.aux'.

 (./contents.tex [6



] (./main.toc
LaTeX Font Info:    External font `cmex10' loaded for size
(Font)              <12> on input line 4.
LaTeX Font Info:    External font `cmex10' loaded for size
(Font)              <8> on input line 4.
LaTeX Font Info:    External font `cmex10' loaded for size
(Font)              <6> on input line 4.
 [7])
\tf@toc=\write3
\openout3 = `main.toc'.

 [8] (./main.lof)
\tf@lof=\write4
\openout4 = `main.lof'.

 [9

] [10

]
(./main.lot)
\tf@lot=\write5
\openout5 = `main.lot'.

) [11] [12


]
Chapter 1.
[13] [14

]
Chapter 2.
[15] [16

]
Chapter 3.

Overfull \hbox (23.13979pt too wide) in paragraph at lines 40--40
\OT1/cmr/bx/n/17.28 Fields, and the Need for an Out-put Mode Cleaner 
 []

[17] [18

]
Chapter 4.
[19] [20

]
Chapter 5.

Underfull \vbox (badness 10000) has occurred while \output is active []

 [21]
Overfull \vbox (53.48674pt too high) has occurred while \output is active []


[22]
Chapter 6.
[23

]
\openout2 = `appa.aux'.

 (./appa.tex [24


]
Appendix A.
[25])
\openout2 = `appb.aux'.

 (./appb.tex [26




]
Appendix B.
[27] [28])
\openout2 = `biblio.aux'.

 (./biblio.tex (./main.bbl

LaTeX Warning: Empty `thebibliography' environment on input line 5.

)) [29





] (./main.aux (./cover.aux) (./contents.aux) (./appa.aux) (./appb.aux)
(./biblio.aux)) ) 
Here is how much of TeX's memory you used:
 520 strings out of 495062
 5491 string characters out of 1182645
 54547 words of memory out of 3000000
 3712 multiletter control sequences out of 15000+50000
 9057 words of font info for 32 fonts, out of 3000000 for 9000
 28 hyphenation exceptions out of 8191
 28i,7n,21p,207b,245s stack positions out of 5000i,500n,10000p,200000b,50000s

Output written on main.dvi (29 pages, 16032 bytes).
